[2023-05-22 00:03:53] INFO root fetch - main [MainThread]: Get Changelog since Serial: [18189501]
[2023-05-22 00:03:58] INFO root fetch - main [MainThread]: Found 10 changed packages
[2023-05-22 00:03:58] INFO root fetch - processPackages [ThreadPoolExecutor-0_0]: Start processing: jao-py
[2023-05-22 00:03:58] INFO root fetch - processPackages [ThreadPoolExecutor-0_1]: Start processing: jj-wingman
[2023-05-22 00:03:58] INFO root fetch - processPackages [ThreadPoolExecutor-0_2]: Start processing: yambs
[2023-05-22 00:03:58] INFO root fetch - processPackages [ThreadPoolExecutor-0_3]: Start processing: docassemble
[2023-05-22 00:03:58] INFO root fetch - processPackages [ThreadPoolExecutor-0_4]: Start processing: docassemble.base
[2023-05-22 00:03:58] INFO root fetch - processPackages [ThreadPoolExecutor-0_5]: Start processing: sidetrek
[2023-05-22 00:03:58] INFO root fetch - processPackages [ThreadPoolExecutor-0_6]: Start processing: docassemble.demo
[2023-05-22 00:03:58] INFO root fetch - processPackages [ThreadPoolExecutor-0_7]: Start processing: docassemble.webapp
[2023-05-22 00:03:58] INFO root fetch - processPackages [ThreadPoolExecutor-0_8]: Start processing: growmax
[2023-05-22 00:03:58] INFO root fetch - processPackages [ThreadPoolExecutor-0_9]: Start processing: discovery-transition-ds
[2023-05-22 00:03:58] INFO root fetch - processPackages [jj-wingman]: New version: [0.2.1] Old Version: [0.2.0]
[2023-05-22 00:03:58] INFO root fetch - processPackages [jao-py]: New version: [0.3.6] Old Version: [0.3.5]
[2023-05-22 00:03:58] INFO root fetch - processPackages [yambs]: New version: [1.4.2] Old Version: [1.4.1]
[2023-05-22 00:03:58] INFO root fetch - processPackages [docassemble.demo]: New version: [1.4.9] Old Version: [1.4.8]
[2023-05-22 00:03:58] INFO root fetch - processPackages [docassemble.base]: New version: [1.4.9] Old Version: [1.4.8]
[2023-05-22 00:03:58] INFO root fetch - processPackages [growmax]: New version: [1.2.1] Old Version: [1.2.0]
[2023-05-22 00:03:58] INFO root fetch - processPackages [docassemble.webapp]: New version: [1.4.9] Old Version: [1.4.8]
[2023-05-22 00:03:58] INFO root fetch - processPackages [docassemble]: New version: [1.4.9] Old Version: [1.4.8]
[2023-05-22 00:03:58] INFO root fetch - processPackages [sidetrek]: New version: [0.0.9] Old Version: [0.0.8]
[2023-05-22 00:03:58] INFO root fetch - processPackages [discovery-transition-ds]: New version: [4.9.9] Old Version: [4.9.8]
[2023-05-22 00:03:58] INFO root fetch - processPackages [docassemble.webapp]: executing diffoscope
[2023-05-22 00:03:58] INFO root fetch - processPackages [docassemble.webapp]: podman run --user 0:0 --rm -w /home/abi/fetcher -v /home/abi/fetcher/tmp:/home/abi/fetcher/tmp:ro -v /home/abi/fetcher/20230522:/home/abi/fetcher/20230522:rw registry.salsa.debian.org/reproducible-builds/diffoscope --no-progress tmp/docassemble.webapp-1.4.8.tar.gz tmp/docassemble.webapp-1.4.9.tar.gz --markdown 20230522/d/docassemble.webapp/1.4.8-1.4.9/diff.md --exclude *.pyd
[2023-05-22 00:03:58] INFO root fetch - processPackages [jao-py]: Downloading https://files.pythonhosted.org/packages/8f/21/b9eacd489fc525754dfe31d08f1c698c4485d5ed83ac531efdd80245a2a3/jao-py-0.3.5.tar.gz
[2023-05-22 00:03:58] INFO root fetch - processPackages [sidetrek]: executing diffoscope
[2023-05-22 00:03:58] INFO root fetch - processPackages [sidetrek]: podman run --user 0:0 --rm -w /home/abi/fetcher -v /home/abi/fetcher/tmp:/home/abi/fetcher/tmp:ro -v /home/abi/fetcher/20230522:/home/abi/fetcher/20230522:rw registry.salsa.debian.org/reproducible-builds/diffoscope --no-progress tmp/sidetrek-0.0.8.tar.gz tmp/sidetrek-0.0.9.tar.gz --markdown 20230522/s/sidetrek/0.0.8-0.0.9/diff.md --exclude *.pyd
[2023-05-22 00:03:58] INFO root fetch - processPackages [growmax]: Downloading https://files.pythonhosted.org/packages/a7/f6/9b20511ff2d39794e5fe2302590ab48ac77e5bcb3132286fe6a50821161d/growmax-1.2.0.tar.gz
[2023-05-22 00:03:58] INFO root fetch - processPackages [docassemble.base]: Downloading https://files.pythonhosted.org/packages/49/6f/c82f5b1b26e0b12bdf1e565f9218b862142854979a0f01ea54c864ac7770/docassemble.base-1.4.8.tar.gz
[2023-05-22 00:03:58] INFO root fetch - processPackages [jj-wingman]: Downloading https://files.pythonhosted.org/packages/c0/23/c887155bbe9a3014622888db65a9786859432a624c79d9529cb821e80b54/jj_wingman-0.2.1.tar.gz
[2023-05-22 00:03:58] INFO root fetch - processPackages [yambs]: Downloading https://files.pythonhosted.org/packages/3a/7d/de8db06ff702191571cbe4ce6a3d61778f2c782789fa596fb66fca44ff1b/yambs-1.4.1.tar.gz
[2023-05-22 00:03:58] WARNING root fetch - processPackages [docassemble.base]: Skipping package: exceeds size limit 10987248>=10485760
[2023-05-22 00:03:58] INFO root fetch - main [MainThread]: End processing [docassemble.base] error
[2023-05-22 00:03:58] INFO root fetch - processPackages [jj-wingman]: executing diffoscope
[2023-05-22 00:03:58] INFO root fetch - processPackages [jj-wingman]: podman run --user 0:0 --rm -w /home/abi/fetcher -v /home/abi/fetcher/tmp:/home/abi/fetcher/tmp:ro -v /home/abi/fetcher/20230522:/home/abi/fetcher/20230522:rw registry.salsa.debian.org/reproducible-builds/diffoscope --no-progress tmp/jj_wingman-0.2.0.tar.gz tmp/jj_wingman-0.2.1.tar.gz --markdown 20230522/j/jj-wingman/0.2.0-0.2.1/diff.md --exclude *.pyd
[2023-05-22 00:03:58] INFO root fetch - processPackages [docassemble.demo]: executing diffoscope
[2023-05-22 00:03:58] INFO root fetch - processPackages [docassemble.demo]: podman run --user 0:0 --rm -w /home/abi/fetcher -v /home/abi/fetcher/tmp:/home/abi/fetcher/tmp:ro -v /home/abi/fetcher/20230522:/home/abi/fetcher/20230522:rw registry.salsa.debian.org/reproducible-builds/diffoscope --no-progress tmp/docassemble.demo-1.4.8.tar.gz tmp/docassemble.demo-1.4.9.tar.gz --markdown 20230522/d/docassemble.demo/1.4.8-1.4.9/diff.md --exclude *.pyd
[2023-05-22 00:03:58] INFO root fetch - processPackages [discovery-transition-ds]: executing diffoscope
[2023-05-22 00:03:58] INFO root fetch - processPackages [discovery-transition-ds]: podman run --user 0:0 --rm -w /home/abi/fetcher -v /home/abi/fetcher/tmp:/home/abi/fetcher/tmp:ro -v /home/abi/fetcher/20230522:/home/abi/fetcher/20230522:rw registry.salsa.debian.org/reproducible-builds/diffoscope --no-progress tmp/discovery-transition-ds-4.9.8.tar.gz tmp/discovery-transition-ds-4.9.9.tar.gz --markdown 20230522/d/discovery-transition-ds/4.9.8-4.9.9/diff.md --exclude *.pyd
[2023-05-22 00:03:58] INFO root fetch - processPackages [docassemble]: executing diffoscope
[2023-05-22 00:03:58] INFO root fetch - processPackages [docassemble]: podman run --user 0:0 --rm -w /home/abi/fetcher -v /home/abi/fetcher/tmp:/home/abi/fetcher/tmp:ro -v /home/abi/fetcher/20230522:/home/abi/fetcher/20230522:rw registry.salsa.debian.org/reproducible-builds/diffoscope --no-progress tmp/docassemble-1.4.8.tar.gz tmp/docassemble-1.4.9.tar.gz --markdown 20230522/d/docassemble/1.4.8-1.4.9/diff.md --exclude *.pyd
[2023-05-22 00:03:58] INFO root fetch - processPackages [yambs]: Downloading https://files.pythonhosted.org/packages/cf/37/7456edbefcccbc7c56147abd6b4eca2d1367b52c66daa9c6c2b26ccc39d9/yambs-1.4.2.tar.gz
[2023-05-22 00:03:58] INFO root fetch - processPackages [growmax]: Downloading https://files.pythonhosted.org/packages/e4/99/28c6b87f362dc71a8089caf00037bd4787363805d09ed7285da67f5dc143/growmax-1.2.1.tar.gz
[2023-05-22 00:03:58] INFO root fetch - processPackages [yambs]: executing diffoscope
[2023-05-22 00:03:58] INFO root fetch - processPackages [yambs]: podman run --user 0:0 --rm -w /home/abi/fetcher -v /home/abi/fetcher/tmp:/home/abi/fetcher/tmp:ro -v /home/abi/fetcher/20230522:/home/abi/fetcher/20230522:rw registry.salsa.debian.org/reproducible-builds/diffoscope --no-progress tmp/yambs-1.4.1.tar.gz tmp/yambs-1.4.2.tar.gz --markdown 20230522/y/yambs/1.4.1-1.4.2/diff.md --exclude *.pyd
[2023-05-22 00:03:58] INFO root fetch - processPackages [jao-py]: Downloading https://files.pythonhosted.org/packages/ae/00/e67f7a94e10852768fb7141786f25472ace0fa0f26bfa91effeb32bf4e60/jao-py-0.3.6.tar.gz
[2023-05-22 00:03:58] INFO root fetch - processPackages [growmax]: executing diffoscope
[2023-05-22 00:03:58] INFO root fetch - processPackages [growmax]: podman run --user 0:0 --rm -w /home/abi/fetcher -v /home/abi/fetcher/tmp:/home/abi/fetcher/tmp:ro -v /home/abi/fetcher/20230522:/home/abi/fetcher/20230522:rw registry.salsa.debian.org/reproducible-builds/diffoscope --no-progress tmp/growmax-1.2.0.tar.gz tmp/growmax-1.2.1.tar.gz --markdown 20230522/g/growmax/1.2.0-1.2.1/diff.md --exclude *.pyd
[2023-05-22 00:03:59] INFO root fetch - processPackages [jao-py]: executing diffoscope
[2023-05-22 00:03:59] INFO root fetch - processPackages [jao-py]: podman run --user 0:0 --rm -w /home/abi/fetcher -v /home/abi/fetcher/tmp:/home/abi/fetcher/tmp:ro -v /home/abi/fetcher/20230522:/home/abi/fetcher/20230522:rw registry.salsa.debian.org/reproducible-builds/diffoscope --no-progress tmp/jao-py-0.3.5.tar.gz tmp/jao-py-0.3.6.tar.gz --markdown 20230522/j/jao-py/0.3.5-0.3.6/diff.md --exclude *.pyd
[2023-05-22 00:04:00] INFO root fetch - main [MainThread]: End processing [docassemble]: success
[2023-05-22 00:04:00] INFO root fetch - main [MainThread]: End processing [sidetrek]: success
[2023-05-22 00:04:00] INFO root fetch - main [MainThread]: End processing [jao-py]: success
[2023-05-22 00:04:00] INFO root fetch - main [MainThread]: End processing [growmax]: success
[2023-05-22 00:04:00] INFO root fetch - main [MainThread]: End processing [yambs]: success
[2023-05-22 00:04:00] INFO root fetch - main [MainThread]: End processing [jj-wingman]: success
[2023-05-22 00:04:02] INFO root fetch - main [MainThread]: End processing [discovery-transition-ds]: success
[2023-05-22 00:04:08] INFO root fetch - main [MainThread]: End processing [docassemble.demo]: success
[2023-05-22 00:04:08] INFO root fetch - main [MainThread]: End processing [docassemble.webapp]: success
[2023-05-22 00:04:08] INFO root fetch - main [MainThread]: Store serial: [18189531]
[2023-05-22 00:09:12] INFO root fetch - main [MainThread]: Get Changelog since Serial: [18189531]
[2023-05-22 00:09:17] INFO root fetch - main [MainThread]: Found 4 changed packages
[2023-05-22 00:09:17] INFO root fetch - processPackages [ThreadPoolExecutor-0_0]: Start processing: reteps-ctfcli
[2023-05-22 00:09:17] INFO root fetch - processPackages [ThreadPoolExecutor-0_1]: Start processing: sidetrek
[2023-05-22 00:09:17] INFO root fetch - processPackages [ThreadPoolExecutor-0_2]: Start processing: kynaylibs
[2023-05-22 00:09:17] INFO root fetch - processPackages [ThreadPoolExecutor-0_3]: Start processing: aionotion
[2023-05-22 00:09:18] INFO root fetch - processPackages [kynaylibs]: New version: [1.7.3] Old Version: [1.7.2]
[2023-05-22 00:09:18] INFO root fetch - processPackages [reteps-ctfcli]: New version: [0.0.13] Old Version: [0.0.12]
[2023-05-22 00:09:18] INFO root fetch - processPackages [sidetrek]: New version: [0.0.9] Old Version: [0.0.8]
[2023-05-22 00:09:18] INFO root fetch - processPackages [aionotion]: New version: [3.0.2] Old Version: [3.0.1]
[2023-05-22 00:09:18] INFO root fetch - processPackages [kynaylibs]: Downloading https://files.pythonhosted.org/packages/3b/45/405135df45869b55b5ce9430b77996f006a61e960715efea35842d889dea/kynaylibs-1.7.2.tar.gz
[2023-05-22 00:09:18] INFO root fetch - processPackages [reteps-ctfcli]: Downloading https://files.pythonhosted.org/packages/43/d4/51e65837ab30469378351a1ecbe7dfaf8b14b00a76d24c507304bdaaade1/reteps-ctfcli-0.0.12.tar.gz
[2023-05-22 00:09:18] INFO root fetch - processPackages [aionotion]: Downloading https://files.pythonhosted.org/packages/d2/42/38af64fda93eab141ff7953210d2bfa71461fa041ff321c2469fae19dfeb/aionotion-3.0.1.tar.gz
[2023-05-22 00:09:18] INFO root fetch - processPackages [sidetrek]: executing diffoscope
[2023-05-22 00:09:18] INFO root fetch - processPackages [sidetrek]: podman run --user 0:0 --rm -w /home/abi/fetcher -v /home/abi/fetcher/tmp:/home/abi/fetcher/tmp:ro -v /home/abi/fetcher/20230522:/home/abi/fetcher/20230522:rw registry.salsa.debian.org/reproducible-builds/diffoscope --no-progress tmp/sidetrek-0.0.8.tar.gz tmp/sidetrek-0.0.9.tar.gz --markdown 20230522/s/sidetrek/0.0.8-0.0.9/diff.md --exclude *.pyd
[2023-05-22 00:09:18] INFO root fetch - processPackages [kynaylibs]: Downloading https://files.pythonhosted.org/packages/7f/8b/29e4f4fb6475eb1c66057004c35eab59742ae3390b7d6858649f88867753/kynaylibs-1.7.3.tar.gz
[2023-05-22 00:09:18] INFO root fetch - processPackages [reteps-ctfcli]: Downloading https://files.pythonhosted.org/packages/c8/dd/c0d18845817d55eca1c5e9c280a3aa68d2674d81ecc39d58a951983258ba/reteps_ctfcli-0.0.13-py3-none-any.whl
[2023-05-22 00:09:18] INFO root fetch - processPackages [aionotion]: Downloading https://files.pythonhosted.org/packages/22/6d/d6ae4c277ccd4e1336a048e2de5585363472505d853a6ab2505e23c3a322/aionotion-3.0.2.tar.gz
[2023-05-22 00:09:18] INFO root fetch - processPackages [aionotion]: executing diffoscope
[2023-05-22 00:09:18] INFO root fetch - processPackages [aionotion]: podman run --user 0:0 --rm -w /home/abi/fetcher -v /home/abi/fetcher/tmp:/home/abi/fetcher/tmp:ro -v /home/abi/fetcher/20230522:/home/abi/fetcher/20230522:rw registry.salsa.debian.org/reproducible-builds/diffoscope --no-progress tmp/aionotion-3.0.1.tar.gz tmp/aionotion-3.0.2.tar.gz --markdown 20230522/a/aionotion/3.0.1-3.0.2/diff.md --exclude *.pyd
[2023-05-22 00:09:18] INFO root fetch - processPackages [kynaylibs]: executing diffoscope
[2023-05-22 00:09:18] INFO root fetch - processPackages [kynaylibs]: podman run --user 0:0 --rm -w /home/abi/fetcher -v /home/abi/fetcher/tmp:/home/abi/fetcher/tmp:ro -v /home/abi/fetcher/20230522:/home/abi/fetcher/20230522:rw registry.salsa.debian.org/reproducible-builds/diffoscope --no-progress tmp/kynaylibs-1.7.2.tar.gz tmp/kynaylibs-1.7.3.tar.gz --markdown 20230522/k/kynaylibs/1.7.2-1.7.3/diff.md --exclude *.pyd
[2023-05-22 00:09:18] INFO root fetch - processPackages [reteps-ctfcli]: executing diffoscope
[2023-05-22 00:09:18] INFO root fetch - processPackages [reteps-ctfcli]: podman run --user 0:0 --rm -w /home/abi/fetcher -v /home/abi/fetcher/tmp:/home/abi/fetcher/tmp:ro -v /home/abi/fetcher/20230522:/home/abi/fetcher/20230522:rw registry.salsa.debian.org/reproducible-builds/diffoscope --no-progress tmp/reteps-ctfcli-0.0.12.tar.gz tmp/reteps_ctfcli-0.0.13-py3-none-any.whl.zip --markdown 20230522/r/reteps-ctfcli/0.0.12-0.0.13/diff.md --exclude *.pyd
[2023-05-22 00:09:19] INFO root fetch - main [MainThread]: End processing [sidetrek]: success
[2023-05-22 00:09:19] INFO root fetch - main [MainThread]: End processing [reteps-ctfcli]: success
[2023-05-22 00:09:19] INFO root fetch - main [MainThread]: End processing [aionotion]: success
[2023-05-22 00:09:22] INFO root fetch - main [MainThread]: End processing [kynaylibs]: success
[2023-05-22 00:09:22] INFO root fetch - main [MainThread]: Store serial: [18189542]
